make all --print-data-base --no-builtin-variables --no-builtin-rules --question
make: *** No rule to make target 'all'.  Stop.

# GNU Make 4.1
# Built for x86_64-pc-linux-gnu
# Copyright (C) 1988-2014 Free Software Foundation, Inc.
# License GPLv3+: GNU GPL version 3 or later <http://gnu.org/licenses/gpl.html>
# This is free software: you are free to change and redistribute it.
# There is NO WARRANTY, to the extent permitted by law.

# Make data base, printed on Tue Aug  9 17:54:25 2022

# Variables

# automatic
<D = $(patsubst %/,%,$(dir $<))
# automatic
?F = $(notdir $?)
# environment
PAPERSIZE = a4
# environment
DESKTOP_SESSION = gnome-flashback-metacity
# default
.SHELLFLAGS := -c
# environment
XDG_SESSION_TYPE = x11
# environment
VSCODE_LOG_NATIVE = false
# automatic
?D = $(patsubst %/,%,$(dir $?))
# automatic
@D = $(patsubst %/,%,$(dir $@))
# environment
XAUTHORITY = /home/hliucp/.Xauthority
# environment
GDMSESSION = gnome-flashback-metacity
# environment
XMODIFIERS = @im=ibus
# makefile
CURDIR := /home/hliucp/Desktop/VertexCover/5G-NR-Sphere-Decoding-CPP-main
# makefile
SHELL = /bin/sh
# environment
VSCODE_NLS_CONFIG = {"locale":"en-us","availableLanguages":{},"_languagePackSupport":true}
# environment
_ = /usr/local/VSCode-linux-x64/code
# environment
XDG_CONFIG_DIRS = /etc/xdg/xdg-gnome-flashback-metacity:/usr/share/upstart/xdg:/etc/xdg
# makefile
MAKEFILE_LIST := 
# automatic
@F = $(notdir $@)
# environment
GIO_LAUNCHED_DESKTOP_FILE = /usr/share/applications/VSCode.desktop
# 'override' directive
GNUMAKEFLAGS := 
# environment
SESSIONTYPE = gnome-session
# environment
MAKELEVEL := 0
# environment
MANDATORY_PATH = /usr/share/gconf/gnome-flashback-metacity.mandatory.path
# environment
XDG_DATA_DIRS = /usr/share/gnome-flashback-metacity:/usr/local/share:/usr/share:/var/lib/snapd/desktop
# environment
DBUS_SESSION_BUS_ADDRESS = unix:abstract=/tmp/dbus-Vw6XCN6QJK
# environment
VSCODE_VERBOSE_LOGGING = true
# environment
CLUTTER_IM_MODULE = 
# environment
LESSOPEN = | /usr/bin/lesspipe %s
# environment
LC_NAME = en_HK.UTF-8
# environment
VSCODE_CWD = /home/hliucp
# environment
XDG_SESSION_PATH = /org/freedesktop/DisplayManager/Session0
# environment
KRB5CCNAME = FILE:/tmp/krb5cc_1694652160_tMxxaF
# default
MAKE_HOST := x86_64-pc-linux-gnu
# environment
PATH = /home/hliucp/bin:/home/hliucp/.local/bin:/home/hliucp/anaconda3/bin:/home/hliucp/anaconda3/condabin:/home/hliucp/bin:/home/hliucp/.local/bin:/usr/local/sbin:/usr/local/bin:/usr/sbin:/usr/bin:/sbin:/bin:/usr/games:/usr/local/games:/snap/bin
# environment
GPG_AGENT_INFO = /home/hliucp/.gnupg/S.gpg-agent:0:1
# environment
SESSION_MANAGER = local/ecelvd326.ece.local:@/tmp/.ICE-unix/3010,unix/ecelvd326.ece.local:/tmp/.ICE-unix/3010
# environment
XDG_RUNTIME_DIR = /run/user/1694652160
# environment
UBUNTU_MENUPROXY = 1
# environment
CONDA_PREFIX = /home/hliucp/anaconda3
# environment
XDG_MENU_PREFIX = gnome-flashback-
# environment
VSCODE_LOG_STACK = false
# environment
ELECTRON_RUN_AS_NODE = 1
# default
.FEATURES := target-specific order-only second-expansion else-if shortest-stem undefine oneshell archives jobserver output-sync check-symlink load
# environment
SESSION = gnome-flashback-metacity
# environment
LS_COLORS = 
# environment
JOB = dbus
# environment
XDG_SESSION_DESKTOP = gnome-flashback-metacity
# environment
SSH_AUTH_SOCK = /run/user/1694652160/keyring/ssh
# environment
GIO_LAUNCHED_DESKTOP_FILE_PID = 4245
# automatic
%F = $(notdir $%)
# environment
LM_PROJECT = ECE_DEPT_ALL
# environment
DISPLAY = 10.31.201.76:100
# environment
CONDA_EXE = /home/hliucp/anaconda3/bin/conda
# environment
GTK_IM_MODULE = 
# environment
VSCODE_PIPE_LOGGING = true
# environment
PWD = /home/hliucp/Desktop/VertexCover/5G-NR-Sphere-Decoding-CPP-main
# environment
QT_QPA_PLATFORMTHEME = appmenu-qt5
# environment
ORIGINAL_XDG_CURRENT_DESKTOP = GNOME-Flashback:Unity
# environment
GTK_MODULES = gail:atk-bridge:unity-gtk-module
# environment
VSCODE_AMD_ENTRYPOINT = vs/workbench/api/node/extensionHostProcess
# environment
HOME = /home/hliucp
# environment
LESSCLOSE = /usr/bin/lesspipe %s %s
# environment
VSCODE_CODE_CACHE_PATH = /home/hliucp/.config/Code/CachedData/c3511e6c69bb39013c4a4b7b9566ec1ca73fc4d5
# environment
LOGNAME = hliucp
# environment
QT_LINUX_ACCESSIBILITY_ALWAYS_ON = 1
# environment
APPLICATION_INSIGHTS_NO_DIAGNOSTIC_CHANNEL = true
# environment
CONDA_PROMPT_MODIFIER = (base) 
# automatic
+F = $(notdir $+)
# environment
VSCODE_HANDLES_UNCAUGHT_ERRORS = true
# default
MAKE_VERSION := 4.1
# environment
GNOME_DESKTOP_SESSION_ID = this-is-deprecated
# automatic
^D = $(patsubst %/,%,$(dir $^))
# environment
LC_TIME = en_HK.UTF-8
# environment
CONDA_DEFAULT_ENV = base
# default
MAKE = $(MAKE_COMMAND)
# default
MAKECMDGOALS := all
# environment
QT_IM_MODULE = ibus
# environment
SHLVL = 1
# environment
IM_CONFIG_PHASE = 1
# environment
VSCODE_IPC_HOOK_EXTHOST = /run/user/1694652160/vscode-ipc-53128037-380c-4fd5-90d6-0b24b6351af2.sock
# environment
XDG_SESSION_ID = c3
# environment
USER = hliucp
# environment
LC_MONETARY = en_HK.UTF-8
# makefile
.DEFAULT_GOAL := 
# environment
XDG_CURRENT_DESKTOP = GNOME-Flashback:Unity
# automatic
%D = $(patsubst %/,%,$(dir $%))
# environment
GNOME_KEYRING_PID = 
# environment
LC_TELEPHONE = en_HK.UTF-8
# environment
CONDA_SHLVL = 1
# default
MAKE_COMMAND := make
# default
.VARIABLES := 
# automatic
*F = $(notdir $*)
# environment
LANGUAGE = en_US:en
# environment
XDG_SEAT_PATH = /org/freedesktop/DisplayManager/Seat1
# environment
VSCODE_IPC_HOOK = /run/user/1694652160/vscode-bd5291b4-1.67.2-main.sock
# environment
GNOME_KEYRING_CONTROL = 
# makefile
MAKEFLAGS = pqrR
# environment
MFLAGS = -pqrR
# automatic
*D = $(patsubst %/,%,$(dir $*))
# automatic
+D = $(patsubst %/,%,$(dir $+))
# environment
GDK_BACKEND = x11
# environment
LC_PAPER = en_HK.UTF-8
# environment
GTK2_MODULES = overlay-scrollbar
# environment
QT_ACCESSIBILITY = 1
# environment
DEFAULTS_PATH = /usr/share/gconf/gnome-flashback-metacity.default.path
# environment
NO_AT_BRIDGE = 1
# default
MAKEFILES := 
# environment
UPSTART_SESSION = unix:abstract=/com/ubuntu/upstart-session/1694652160/2786
# environment
LC_NUMERIC = en_HK.UTF-8
# automatic
<F = $(notdir $<)
# environment
LC_MEASUREMENT = en_HK.UTF-8
# environment
INSTANCE = 
# environment
LC_ALL = C
# environment
CONDA_PYTHON_EXE = /home/hliucp/anaconda3/bin/python
# environment
QT4_IM_MODULE = 
# automatic
^F = $(notdir $^)
# default
SUFFIXES := 
# environment
_CE_M = 
# environment
CHROME_DESKTOP = code-url-handler.desktop
# default
.INCLUDE_DIRS = /usr/include /usr/local/include /usr/include
# environment
LC_IDENTIFICATION = en_HK.UTF-8
# default
.RECIPEPREFIX := 
# environment
LC_ADDRESS = en_HK.UTF-8
# environment
LANG = C
# environment
VSCODE_PID = 4245
# environment
_CE_CONDA = 
# variable set hash-table stats:
# Load=127/1024=12%, Rehash=0, Collisions=15/149=10%

# Pattern-specific Variable Values

# No pattern-specific variable values.

# Directories

# . (device 64768, inode 7617522): 10 files, no impossibilities.

# 10 files, no impossibilities in 1 directories.

# Implicit Rules

 
# No implicit rules.

# Files

# Not a target:
all:
#  Command line target.
#  Implicit rule search has been done.
#  File does not exist.
#  File has not been updated.

# Not a target:
Makefile:
#  Implicit rule search has been done.
#  File does not exist.
#  File has been updated.
#  Failed to be updated.

# Not a target:
makefile:
#  Implicit rule search has been done.
#  File does not exist.
#  File has been updated.
#  Failed to be updated.

# Not a target:
.DEFAULT:
#  Implicit rule search has not been done.
#  Modification time never checked.
#  File has not been updated.

# Not a target:
GNUmakefile:
#  Implicit rule search has been done.
#  File does not exist.
#  File has been updated.
#  Failed to be updated.

# files hash-table stats:
# Load=6/1024=1%, Rehash=0, Collisions=0/15=0%
# VPATH Search Paths

# No 'vpath' search paths.

# No general ('VPATH' variable) search path.

# strcache buffers: 1 (0) / strings = 18 / storage = 186 B / avg = 10 B
# current buf: size = 8162 B / used = 186 B / count = 18 / avg = 10 B

# strcache performance: lookups = 21 / hit rate = 14%
# hash-table stats:
# Load=18/8192=0%, Rehash=0, Collisions=1/21=5%
# Finished Make data base on Tue Aug  9 17:54:25 2022

 
